<?xml version="1.0" encoding="UTF-8"?>
<!-- Generated by org.testng.reporters.JUnitXMLReporter -->
<testsuite ignored="0" hostname="ubuntu-HP-250-G7-Notebook-PC" failures="4" tests="25" name="Test" time="10.835" errors="0" timestamp="2020-01-14T14:55:09 IST">
  <testcase classname="com.employeeapi.TestCases.TC004_PutEmployeeRecord" name="checkContentType" time="0.005"/>
  <testcase classname="com.employeeapi.TestCases.TC004_PutEmployeeRecord" name="checkResponseBody" time="0.008">
    <failure type="java.lang.AssertionError">
      <![CDATA[java.lang.AssertionError: 
at com.employeeapi.TestCases.TC004_PutEmployeeRecord.checkResponseBody(TC004_PutEmployeeRecord.java:47)
at java.base/java.util.ArrayList.forEach(ArrayList.java:1540)
... Removed 30 stack frames]]>
    </failure>
  </testcase> <!-- checkResponseBody -->
  <testcase classname="com.employeeapi.TestCases.TC004_PutEmployeeRecord" name="checkServerType" time="0.001"/>
  <testcase classname="com.employeeapi.TestCases.TC004_PutEmployeeRecord" name="checkStatusCode" time="0.001"/>
  <testcase classname="com.employeeapi.TestCases.TC002_GetSingleEmployeeData" name="checkContentLength" time="0.001"/>
  <testcase classname="com.employeeapi.TestCases.TC002_GetSingleEmployeeData" name="checkContentType" time="0.001">
    <failure type="java.lang.AssertionError" message="expected:&amp;lt;text/html; charset=UTF-8&amp;gt; but was:&amp;lt;application/json;charset=utf-8&amp;gt;">
      <![CDATA[java.lang.AssertionError: expected:<text/html; charset=UTF-8> but was:<application/json;charset=utf-8>
at com.employeeapi.TestCases.TC002_GetSingleEmployeeData.checkContentType(TC002_GetSingleEmployeeData.java:50)
at java.base/java.util.ArrayList.forEach(ArrayList.java:1540)
... Removed 29 stack frames]]>
    </failure>
  </testcase> <!-- checkContentType -->
  <testcase classname="com.employeeapi.TestCases.TC002_GetSingleEmployeeData" name="checkResponseTime" time="0.001"/>
  <testcase classname="com.employeeapi.TestCases.TC002_GetSingleEmployeeData" name="checkServerType" time="0.001"/>
  <testcase classname="com.employeeapi.TestCases.TC002_GetSingleEmployeeData" name="checkStatusCode" time="0.004"/>
  <testcase classname="com.employeeapi.TestCases.TC002_GetSingleEmployeeData" name="tearDown" time="0.002"/>
  <testcase classname="com.employeeapi.TestCases.TC003_PostEmployeeRecord" name="checkContentType" time="0.001"/>
  <testcase classname="com.employeeapi.TestCases.TC003_PostEmployeeRecord" name="checkResponseBody" time="0.001"/>
  <testcase classname="com.employeeapi.TestCases.TC003_PostEmployeeRecord" name="checkServerType" time="0.001"/>
  <testcase classname="com.employeeapi.TestCases.TC003_PostEmployeeRecord" name="checkStatusCode" time="0.001"/>
  <testcase classname="com.employeeapi.TestCases.TC001_GetAllEmployees" name="checkContentEncoding" time="0.004"/>
  <testcase classname="com.employeeapi.TestCases.TC001_GetAllEmployees" name="checkContentLength" time="0.002"/>
  <testcase classname="com.employeeapi.TestCases.TC001_GetAllEmployees" name="checkContentType" time="0.002"/>
  <testcase classname="com.employeeapi.TestCases.TC001_GetAllEmployees" name="checkCookies" time="0.002"/>
  <testcase classname="com.employeeapi.TestCases.TC001_GetAllEmployees" name="checkResponseBody" time="0.002"/>
  <testcase classname="com.employeeapi.TestCases.TC001_GetAllEmployees" name="checkResponseTime" time="0.001"/>
  <testcase classname="com.employeeapi.TestCases.TC001_GetAllEmployees" name="checkServerType" time="0.002"/>
  <testcase classname="com.employeeapi.TestCases.TC001_GetAllEmployees" name="checkStatusCode" time="0.001"/>
  <testcase classname="com.employeeapi.TestCases.TC001_GetAllEmployees" name="checkStatusLine" time="0.001"/>
  <testcase classname="com.employeeapi.TestCases.TC005_DeleteEmloyeeRecord" name="checkResponseBody" time="0.002">
    <failure type="java.lang.AssertionError" message="expected:&amp;lt;false&amp;gt; but was:&amp;lt;true&amp;gt;">
      <![CDATA[java.lang.AssertionError: expected:<false> but was:<true>
at com.employeeapi.TestCases.TC005_DeleteEmloyeeRecord.checkResponseBody(TC005_DeleteEmloyeeRecord.java:39)
at java.base/java.util.ArrayList.forEach(ArrayList.java:1540)
... Removed 32 stack frames]]>
    </failure>
  </testcase> <!-- checkResponseBody -->
  <testcase classname="com.employeeapi.TestCases.TC005_DeleteEmloyeeRecord" name="checkStatusCode" time="0.001">
    <failure type="java.lang.AssertionError" message="expected:&amp;lt;404&amp;gt; but was:&amp;lt;200&amp;gt;">
      <![CDATA[java.lang.AssertionError: expected:<404> but was:<200>
at com.employeeapi.TestCases.TC005_DeleteEmloyeeRecord.checkStatusCode(TC005_DeleteEmloyeeRecord.java:46)
at java.base/java.util.ArrayList.forEach(ArrayList.java:1540)
... Removed 32 stack frames]]>
    </failure>
  </testcase> <!-- checkStatusCode -->
</testsuite> <!-- Test -->
